<?xml version="1.0" encoding="UTF-8"?>
<!-- Generated by org.testng.reporters.JUnitReportReporter -->
<testsuite hostname="LAPTOP-VVQB2GH0" failures="0" tests="5" name="com.sdet.lab.NikhilJain_RestfulAndSoapWS.Restful_Web_Services_Test" time="8.417" errors="0" timestamp="26 Nov 2023 11:19:58 GMT" skipped="0">
  <testcase classname="com.sdet.lab.NikhilJain_RestfulAndSoapWS.Restful_Web_Services_Test" name="PatchRequestTest" time="1.517"/>
  <testcase classname="com.sdet.lab.NikhilJain_RestfulAndSoapWS.Restful_Web_Services_Test" name="DeleteRequestTest" time="3.122"/>
  <testcase classname="com.sdet.lab.NikhilJain_RestfulAndSoapWS.Restful_Web_Services_Test" name="PostRequestTest" time="1.585"/>
  <testcase classname="com.sdet.lab.NikhilJain_RestfulAndSoapWS.Restful_Web_Services_Test" name="GetRequestTest" time="0.933"/>
  <testcase classname="com.sdet.lab.NikhilJain_RestfulAndSoapWS.Restful_Web_Services_Test" name="PutRequestTest" time="1.260"/>
</testsuite> <!-- com.sdet.lab.NikhilJain_RestfulAndSoapWS.Restful_Web_Services_Test -->
