<?xml version="1.0" encoding="UTF-8"?>
<!-- Generated by org.testng.reporters.JUnitReportReporter -->
<testsuite hostname="LAPTOP-VVQB2GH0" failures="0" tests="2" name="com.sdet.lab.NikhilJain_RestfulAndSoapWS.Soap_Web_Services_Test" time="2.899" errors="0" timestamp="26 Nov 2023 11:20:14 GMT" skipped="0">
  <testcase classname="com.sdet.lab.NikhilJain_RestfulAndSoapWS.Soap_Web_Services_Test" name="PostRequestTest" time="0.789"/>
  <testcase classname="com.sdet.lab.NikhilJain_RestfulAndSoapWS.Soap_Web_Services_Test" name="GetRequestTest" time="2.110"/>
</testsuite> <!-- com.sdet.lab.NikhilJain_RestfulAndSoapWS.Soap_Web_Services_Test -->
