<?xml version="1.0" encoding="UTF-8"?>
<!-- Generated by org.testng.reporters.JUnitReportReporter -->
<testsuite hostname="LAPTOP-VVQB2GH0" failures="0" tests="5" name="com.sdet.lab.NikhilJain_RestfulAndSoapWS.Restful_Web_Services_Test" time="6.558" errors="0" timestamp="26 Nov 2023 11:23:26 GMT" skipped="0">
  <testcase classname="com.sdet.lab.NikhilJain_RestfulAndSoapWS.Restful_Web_Services_Test" name="DeleteRequestTest" time="2.950"/>
  <testcase classname="com.sdet.lab.NikhilJain_RestfulAndSoapWS.Restful_Web_Services_Test" name="GetRequestTest" time="0.463"/>
  <testcase classname="com.sdet.lab.NikhilJain_RestfulAndSoapWS.Restful_Web_Services_Test" name="PatchRequestTest" time="1.799"/>
  <testcase classname="com.sdet.lab.NikhilJain_RestfulAndSoapWS.Restful_Web_Services_Test" name="PutRequestTest" time="0.640"/>
  <testcase classname="com.sdet.lab.NikhilJain_RestfulAndSoapWS.Restful_Web_Services_Test" name="PostRequestTest" time="0.706"/>
</testsuite> <!-- com.sdet.lab.NikhilJain_RestfulAndSoapWS.Restful_Web_Services_Test -->
